frame nr 0
too few waters: 4
shrink box iterations: 347
converged
frame nr 1
too few waters: 1
shrink box iterations: 334
converged
frame nr 2
too many waters: 1
expand box iterations: 316
converged
frame nr 3
too many waters: 8
expand box iterations: 336
converged
frame nr 4
too few waters: 3
shrink box iterations: 404
converged
frame nr 5
too few waters: 1
shrink box iterations: 347
converged
frame nr 6
too few waters: 4
shrink box iterations: 329
converged
frame nr 7
too many waters: 1
expand box iterations: 394
converged
frame nr 8
too few waters: 4
shrink box iterations: 328
converged
frame nr 9
too few waters: 4
shrink box iterations: 372
converged
frame nr 10
too few waters: 2
shrink box iterations: 314
converged
frame nr 11
too many waters: 5
expand box iterations: 313
converged
frame nr 12
too few waters: 2
shrink box iterations: 339
converged
frame nr 13
too few waters: 3
shrink box iterations: 305
converged
frame nr 14
too many waters: 9
expand box iterations: 304
converged
frame nr 15
too few waters: 4
shrink box iterations: 312
converged
frame nr 16
frame nr 17
too many waters: 3
expand box iterations: 313
converged
frame nr 18
too many waters: 4
expand box iterations: 355
converged
frame nr 19
too many waters: 2
expand box iterations: 307
converged
frame nr 20
too many waters: 6
expand box iterations: 348
converged
frame nr 21
too few waters: 2
shrink box iterations: 307
converged
frame nr 22
too many waters: 4
expand box iterations: 158
converged
frame nr 23
too many waters: 5
expand box iterations: 334
converged
frame nr 24
too few waters: 2
shrink box iterations: 368
converged
frame nr 25
too few waters: 5
shrink box iterations: 323
converged
frame nr 26
too few waters: 2
shrink box iterations: 324
converged
frame nr 27
too few waters: 6
shrink box iterations: 314
converged
frame nr 28
too many waters: 6
expand box iterations: 309
converged
frame nr 29
too few waters: 5
shrink box iterations: 313
converged
frame nr 30
too many waters: 2
expand box iterations: 334
converged
frame nr 31
too few waters: 2
shrink box iterations: 344
converged
frame nr 32
too few waters: 5
shrink box iterations: 350
converged
frame nr 33
too many waters: 1
expand box iterations: 369
converged
frame nr 34
too few waters: 2
shrink box iterations: 357
converged
frame nr 35
too many waters: 1
expand box iterations: 320
converged
frame nr 36
too few waters: 1
shrink box iterations: 394
converged
frame nr 37
too few waters: 3
shrink box iterations: 365
converged
frame nr 38
too many waters: 5
expand box iterations: 374
converged
frame nr 39
too many waters: 4
expand box iterations: 324
converged
frame nr 40
too few waters: 5
shrink box iterations: 400
converged
frame nr 41
too many waters: 1
expand box iterations: 308
converged
frame nr 42
too many waters: 1
expand box iterations: 315
converged
frame nr 43
too many waters: 1
expand box iterations: 305
converged
frame nr 44
too many waters: 2
expand box iterations: 306
converged
frame nr 45
too few waters: 4
shrink box iterations: 327
converged
frame nr 46
too few waters: 2
shrink box iterations: 310
converged
frame nr 47
too many waters: 2
expand box iterations: 165
converged
frame nr 48
frame nr 49
too few waters: 2
shrink box iterations: 306
converged
frame nr 50
too few waters: 3
shrink box iterations: 311
converged
frame nr 51
too many waters: 2
expand box iterations: 375
converged
frame nr 52
too many waters: 4
expand box iterations: 144
converged
frame nr 53
too many waters: 1
expand box iterations: 438
converged
frame nr 54
too few waters: 6
shrink box iterations: 315
resnum diff:  -1
too many waters: 1
expand box iterations: 80
converged
frame nr 55
too few waters: 6
shrink box iterations: 348
converged
frame nr 56
too few waters: 3
shrink box iterations: 303
converged
frame nr 57
too few waters: 7
shrink box iterations: 348
converged
frame nr 58
too many waters: 2
expand box iterations: 376
converged
frame nr 59
frame nr 60
too many waters: 2
expand box iterations: 358
converged
frame nr 61
too few waters: 2
shrink box iterations: 344
converged
frame nr 62
frame nr 63
too many waters: 2
expand box iterations: 382
converged
frame nr 64
too many waters: 1
expand box iterations: 221
converged
frame nr 65
too many waters: 4
expand box iterations: 378
converged
frame nr 66
too many waters: 1
expand box iterations: 459
converged
frame nr 67
too many waters: 1
expand box iterations: 450
converged
frame nr 68
too few waters: 8
shrink box iterations: 215
converged
frame nr 69
too many waters: 3
expand box iterations: 212
converged
frame nr 70
too many waters: 4
expand box iterations: 302
converged
frame nr 71
too few waters: 3
shrink box iterations: 328
converged
frame nr 72
too few waters: 4
shrink box iterations: 316
converged
frame nr 73
too many waters: 2
expand box iterations: 318
converged
frame nr 74
too few waters: 1
shrink box iterations: 325
converged
frame nr 75
too many waters: 5
expand box iterations: 341
converged
frame nr 76
too few waters: 1
shrink box iterations: 309
converged
frame nr 77
too few waters: 12
shrink box iterations: 321
converged
frame nr 78
too few waters: 1
shrink box iterations: 306
converged
frame nr 79
too few waters: 1
shrink box iterations: 395
converged
frame nr 80
too few waters: 6
shrink box iterations: 304
converged
frame nr 81
too many waters: 6
expand box iterations: 303
converged
frame nr 82
too few waters: 5
shrink box iterations: 317
converged
frame nr 83
too many waters: 1
expand box iterations: 305
converged
frame nr 84
too many waters: 1
expand box iterations: 320
converged
frame nr 85
too many waters: 3
expand box iterations: 304
converged
frame nr 86
frame nr 87
too many waters: 4
expand box iterations: 302
converged
frame nr 88
too many waters: 1
expand box iterations: 365
converged
frame nr 89
too few waters: 3
shrink box iterations: 356
converged
frame nr 90
too few waters: 9
shrink box iterations: 320
converged
frame nr 91
too few waters: 4
shrink box iterations: 401
converged
frame nr 92
too many waters: 3
expand box iterations: 359
converged
frame nr 93
too many waters: 3
expand box iterations: 316
converged
frame nr 94
too many waters: 10
expand box iterations: 304
converged
frame nr 95
too few waters: 4
shrink box iterations: 346
converged
frame nr 96
too few waters: 6
shrink box iterations: 319
converged
frame nr 97
too many waters: 9
expand box iterations: 302
converged
frame nr 98
too many waters: 1
expand box iterations: 372
converged
frame nr 99
too few waters: 6
shrink box iterations: 318
converged
